<?xml version="1.0" encoding="UTF-8"?>
<!-- Generated by org.testng.reporters.JUnitReportReporter -->
<testsuite skipped="0" hostname="suphatthas-MBP.fios-router.home" name="com.excersice.api" tests="1" failures="0" timestamp="2021-08-17T22:50:57 EDT" time="3.174" errors="0">
  <testcase name="Test_Delete" time="3.174" classname="com.excersice.api"/>
  <system-out/>
</testsuite> <!-- com.excersice.api -->
